{"total": {"lines":{"total":109,"covered":89,"skipped":0,"pct":81.65},"statements":{"total":109,"covered":89,"skipped":0,"pct":81.65},"functions":{"total":5,"covered":4,"skipped":0,"pct":80},"branches":{"total":14,"covered":14,"skipped":0,"pct":100},"branchesTrue":{"total":0,"covered":0,"skipped":0,"pct":"Unknown"}}
,"C:\\Users\\PC\\Desktop\\devOps\\app\\devopslesson\\index.js": {"lines":{"total":29,"covered":9,"skipped":0,"pct":31.03},"functions":{"total":1,"covered":0,"skipped":0,"pct":0},"statements":{"total":29,"covered":9,"skipped":0,"pct":31.03},"branches":{"total":0,"covered":0,"skipped":0,"pct":100}}
,"C:\\Users\\PC\\Desktop\\devOps\\app\\devopslesson\\saver.js": {"lines":{"total":80,"covered":80,"skipped":0,"pct":100},"functions":{"total":4,"covered":4,"skipped":0,"pct":100},"statements":{"total":80,"covered":80,"skipped":0,"pct":100},"branches":{"total":14,"covered":14,"skipped":0,"pct":100}}
}
